# JRE version: OpenJDK Runtime Environment Temurin-21.0.7+6 (21.0.7+6) (build 21.0.7+6-LTS)
# Java VM: OpenJDK 64-Bit Server VM Temurin-21.0.7+6 (21.0.7+6-LTS, mixed mode, sharing, tiered, compressed oops, compressed class ptrs, parallel gc, windows-amd64)
GC Precious Log:
 CardTable entry size: 512
 CPUs: 4 total, 4 available
 Memory: 7991M
 Large Page Support: Disabled
 NUMA Support: Disabled
 Compressed Oops: Enabled (32-bit)
 Alignments: Space 512K, Generation 512K, Heap 2M
 Heap Min Capacity: 100M
 Heap Initial Capacity: 100M
 Heap Max Capacity: 2G
 Pre-touch: Disabled
 Parallel Workers: 4
Heap:
 PSYoungGen      total 7680K, used 4129K [0x00000000d5580000, 0x00000000d5f00000, 0x0000000100000000)
  eden space 7168K, 54% used [0x00000000d5580000,0x00000000d5948538,0x00000000d5c80000)
  from space 512K, 50% used [0x00000000d5c80000,0x00000000d5cc0000,0x00000000d5d00000)
  to   space 512K, 0% used [0x00000000d5e80000,0x00000000d5e80000,0x00000000d5f00000)
 ParOldGen       total 1271808K, used 1270442K [0x0000000080000000, 0x00000000cda00000, 0x00000000d5580000)
  object space 1271808K, 99% used [0x0000000080000000,0x00000000cd8aab68,0x00000000cda00000)
 Metaspace       used 106182K, committed 108096K, reserved 1179648K
  class space    used 10297K, committed 11200K, reserved 1048576K
GC Heap History (20 events):
Event: 62850.190 GC heap before
{Heap before GC invocations=6989 (full 7):
 PSYoungGen      total 6656K, used 6641K [0x00000000d5580000, 0x00000000d6300000, 0x0000000100000000)
  eden space 4608K, 100% used [0x00000000d5580000,0x00000000d5a00000,0x00000000d5a00000)
  from space 2048K, 99% used [0x00000000d5a00000,0x00000000d5bfc480,0x00000000d5c00000)
  to   space 4608K, 0% used [0x00000000d5e80000,0x00000000d5e80000,0x00000000d6300000)
 ParOldGen       total 1271808K, used 1260446K [0x0000000080000000, 0x00000000cda00000, 0x00000000d5580000)
  object space 1271808K, 99% used [0x0000000080000000,0x00000000ccee7bb8,0x00000000cda00000)
 Metaspace       used 106178K, committed 108096K, reserved 1179648K
  class space    used 10296K, committed 11200K, reserved 1048576K
}
Event: 62850.194 GC heap after
{Heap after GC invocations=6989 (full 7):
 PSYoungGen      total 5120K, used 384K [0x00000000d5580000, 0x00000000d5f00000, 0x0000000100000000)
  eden space 4608K, 0% used [0x00000000d5580000,0x00000000d5580000,0x00000000d5a00000)
  from space 512K, 75% used [0x00000000d5e80000,0x00000000d5ee0000,0x00000000d5f00000)
  to   space 2048K, 0% used [0x00000000d5b00000,0x00000000d5b00000,0x00000000d5d00000)
 ParOldGen       total 1271808K, used 1260896K [0x0000000080000000, 0x00000000cda00000, 0x00000000d5580000)
  object space 1271808K, 99% used [0x0000000080000000,0x00000000ccf580d0,0x00000000cda00000)
 Metaspace       used 106178K, committed 108096K, reserved 1179648K
  class space    used 10296K, committed 11200K, reserved 1048576K
}
Event: 62850.261 GC heap before
{Heap before GC invocations=6990 (full 7):
 PSYoungGen      total 5120K, used 4992K [0x00000000d5580000, 0x00000000d5f00000, 0x0000000100000000)
  eden space 4608K, 100% used [0x00000000d5580000,0x00000000d5a00000,0x00000000d5a00000)
  from space 512K, 75% used [0x00000000d5e80000,0x00000000d5ee0000,0x00000000d5f00000)
  to   space 2048K, 0% used [0x00000000d5b00000,0x00000000d5b00000,0x00000000d5d00000)
 ParOldGen       total 1271808K, used 1260896K [0x0000000080000000, 0x00000000cda00000, 0x00000000d5580000)
  object space 1271808K, 99% used [0x0000000080000000,0x00000000ccf580d0,0x00000000cda00000)
 Metaspace       used 106178K, committed 108096K, reserved 1179648K
  class space    used 10296K, committed 11200K, reserved 1048576K
}
Event: 62850.265 GC heap after
{Heap after GC invocations=6990 (full 7):
 PSYoungGen      total 6656K, used 1338K [0x00000000d5580000, 0x00000000d5f00000, 0x0000000100000000)
  eden space 4608K, 0% used [0x00000000d5580000,0x00000000d5580000,0x00000000d5a00000)
  from space 2048K, 65% used [0x00000000d5b00000,0x00000000d5c4e9c0,0x00000000d5d00000)
  to   space 2048K, 0% used [0x00000000d5d00000,0x00000000d5d00000,0x00000000d5f00000)
 ParOldGen       total 1271808K, used 1261253K [0x0000000080000000, 0x00000000cda00000, 0x00000000d5580000)
  object space 1271808K, 99% used [0x0000000080000000,0x00000000ccfb1490,0x00000000cda00000)
 Metaspace       used 106178K, committed 108096K, reserved 1179648K
  class space    used 10296K, committed 11200K, reserved 1048576K
}
Event: 62850.291 GC heap before
{Heap before GC invocations=6991 (full 7):
 PSYoungGen      total 6656K, used 5946K [0x00000000d5580000, 0x00000000d5f00000, 0x0000000100000000)
  eden space 4608K, 100% used [0x00000000d5580000,0x00000000d5a00000,0x00000000d5a00000)
  from space 2048K, 65% used [0x00000000d5b00000,0x00000000d5c4e9c0,0x00000000d5d00000)
  to   space 2048K, 0% used [0x00000000d5d00000,0x00000000d5d00000,0x00000000d5f00000)
 ParOldGen       total 1271808K, used 1261253K [0x0000000080000000, 0x00000000cda00000, 0x00000000d5580000)
  object space 1271808K, 99% used [0x0000000080000000,0x00000000ccfb1490,0x00000000cda00000)
 Metaspace       used 106178K, committed 108096K, reserved 1179648K
  class space    used 10296K, committed 11200K, reserved 1048576K
}
Event: 62850.300 GC heap after
{Heap after GC invocations=6991 (full 7):
 PSYoungGen      total 5632K, used 736K [0x00000000d5580000, 0x00000000d5e00000, 0x0000000100000000)
  eden space 4608K, 0% used [0x00000000d5580000,0x00000000d5580000,0x00000000d5a00000)
  from space 1024K, 71% used [0x00000000d5d00000,0x00000000d5db8000,0x00000000d5e00000)
  to   space 1024K, 0% used [0x00000000d5c00000,0x00000000d5c00000,0x00000000d5d00000)
 ParOldGen       total 1271808K, used 1262560K [0x0000000080000000, 0x00000000cda00000, 0x00000000d5580000)
  object space 1271808K, 99% used [0x0000000080000000,0x00000000cd0f8320,0x00000000cda00000)
 Metaspace       used 106178K, committed 108096K, reserved 1179648K
  class space    used 10296K, committed 11200K, reserved 1048576K
}
Event: 62850.323 GC heap before
{Heap before GC invocations=6992 (full 7):
 PSYoungGen      total 5632K, used 5344K [0x00000000d5580000, 0x00000000d5e00000, 0x0000000100000000)
  eden space 4608K, 100% used [0x00000000d5580000,0x00000000d5a00000,0x00000000d5a00000)
  from space 1024K, 71% used [0x00000000d5d00000,0x00000000d5db8000,0x00000000d5e00000)
  to   space 1024K, 0% used [0x00000000d5c00000,0x00000000d5c00000,0x00000000d5d00000)
 ParOldGen       total 1271808K, used 1262560K [0x0000000080000000, 0x00000000cda00000, 0x00000000d5580000)
  object space 1271808K, 99% used [0x0000000080000000,0x00000000cd0f8320,0x00000000cda00000)
 Metaspace       used 106180K, committed 108096K, reserved 1179648K
  class space    used 10296K, committed 11200K, reserved 1048576K
}
Event: 62850.330 GC heap after
{Heap after GC invocations=6992 (full 7):
 PSYoungGen      total 5632K, used 704K [0x00000000d5580000, 0x00000000d5d80000, 0x0000000100000000)
  eden space 4608K, 0% used [0x00000000d5580000,0x00000000d5580000,0x00000000d5a00000)
  from space 1024K, 68% used [0x00000000d5c00000,0x00000000d5cb0000,0x00000000d5d00000)
  to   space 512K, 0% used [0x00000000d5d00000,0x00000000d5d00000,0x00000000d5d80000)
 ParOldGen       total 1271808K, used 1263182K [0x0000000080000000, 0x00000000cda00000, 0x00000000d5580000)
  object space 1271808K, 99% used [0x0000000080000000,0x00000000cd193a98,0x00000000cda00000)
 Metaspace       used 106180K, committed 108096K, reserved 1179648K
  class space    used 10296K, committed 11200K, reserved 1048576K
}
Event: 62850.353 GC heap before
{Heap before GC invocations=6993 (full 7):
 PSYoungGen      total 5632K, used 4691K [0x00000000d5580000, 0x00000000d5d80000, 0x0000000100000000)
  eden space 4608K, 86% used [0x00000000d5580000,0x00000000d5964e20,0x00000000d5a00000)
  from space 1024K, 68% used [0x00000000d5c00000,0x00000000d5cb0000,0x00000000d5d00000)
  to   space 512K, 0% used [0x00000000d5d00000,0x00000000d5d00000,0x00000000d5d80000)
 ParOldGen       total 1271808K, used 1263182K [0x0000000080000000, 0x00000000cda00000, 0x00000000d5580000)
  object space 1271808K, 99% used [0x0000000080000000,0x00000000cd193a98,0x00000000cda00000)
 Metaspace       used 106180K, committed 108096K, reserved 1179648K
  class space    used 10296K, committed 11200K, reserved 1048576K
}
Event: 62850.359 GC heap after
{Heap after GC invocations=6993 (full 7):
 PSYoungGen      total 5120K, used 448K [0x00000000d5580000, 0x00000000d5d80000, 0x0000000100000000)
  eden space 4608K, 0% used [0x00000000d5580000,0x00000000d5580000,0x00000000d5a00000)
  from space 512K, 87% used [0x00000000d5d00000,0x00000000d5d70010,0x00000000d5d80000)
  to   space 1024K, 0% used [0x00000000d5b80000,0x00000000d5b80000,0x00000000d5c80000)
 ParOldGen       total 1271808K, used 1263816K [0x0000000080000000, 0x00000000cda00000, 0x00000000d5580000)
  object space 1271808K, 99% used [0x0000000080000000,0x00000000cd232328,0x00000000cda00000)
 Metaspace       used 106180K, committed 108096K, reserved 1179648K
  class space    used 10296K, committed 11200K, reserved 1048576K
}
Event: 62850.378 GC heap before
{Heap before GC invocations=6994 (full 7):
 PSYoungGen      total 5120K, used 5050K [0x00000000d5580000, 0x00000000d5d80000, 0x0000000100000000)
  eden space 4608K, 99% used [0x00000000d5580000,0x00000000d59fe868,0x00000000d5a00000)
  from space 512K, 87% used [0x00000000d5d00000,0x00000000d5d70010,0x00000000d5d80000)
  to   space 1024K, 0% used [0x00000000d5b80000,0x00000000d5b80000,0x00000000d5c80000)
 ParOldGen       total 1271808K, used 1263816K [0x0000000080000000, 0x00000000cda00000, 0x00000000d5580000)
  object space 1271808K, 99% used [0x0000000080000000,0x00000000cd232328,0x00000000cda00000)
 Metaspace       used 106182K, committed 108096K, reserved 1179648K
  class space    used 10297K, committed 11200K, reserved 1048576K
}
Event: 62850.383 GC heap after
{Heap after GC invocations=6994 (full 7):
 PSYoungGen      total 5632K, used 160K [0x00000000d5580000, 0x00000000d5d80000, 0x0000000100000000)
  eden space 4608K, 0% used [0x00000000d5580000,0x00000000d5580000,0x00000000d5a00000)
  from space 1024K, 15% used [0x00000000d5b80000,0x00000000d5ba8000,0x00000000d5c80000)
  to   space 512K, 0% used [0x00000000d5d00000,0x00000000d5d00000,0x00000000d5d80000)
 ParOldGen       total 1271808K, used 1264224K [0x0000000080000000, 0x00000000cda00000, 0x00000000d5580000)
  object space 1271808K, 99% used [0x0000000080000000,0x00000000cd298338,0x00000000cda00000)
 Metaspace       used 106182K, committed 108096K, reserved 1179648K
  class space    used 10297K, committed 11200K, reserved 1048576K
}
Event: 62850.393 GC heap before
{Heap before GC invocations=6995 (full 7):
 PSYoungGen      total 5632K, used 4542K [0x00000000d5580000, 0x00000000d5d80000, 0x0000000100000000)
  eden space 4608K, 95% used [0x00000000d5580000,0x00000000d59c7a48,0x00000000d5a00000)
  from space 1024K, 15% used [0x00000000d5b80000,0x00000000d5ba8000,0x00000000d5c80000)
  to   space 512K, 0% used [0x00000000d5d00000,0x00000000d5d00000,0x00000000d5d80000)
 ParOldGen       total 1271808K, used 1264224K [0x0000000080000000, 0x00000000cda00000, 0x00000000d5580000)
  object space 1271808K, 99% used [0x0000000080000000,0x00000000cd298338,0x00000000cda00000)
 Metaspace       used 106182K, committed 108096K, reserved 1179648K
  class space    used 10297K, committed 11200K, reserved 1048576K
}
Event: 62850.396 GC heap after
{Heap after GC invocations=6995 (full 7):
 PSYoungGen      total 5120K, used 128K [0x00000000d5580000, 0x00000000d5d80000, 0x0000000100000000)
  eden space 4608K, 0% used [0x00000000d5580000,0x00000000d5580000,0x00000000d5a00000)
  from space 512K, 25% used [0x00000000d5d00000,0x00000000d5d20000,0x00000000d5d80000)
  to   space 512K, 0% used [0x00000000d5c80000,0x00000000d5c80000,0x00000000d5d00000)
 ParOldGen       total 1271808K, used 1264328K [0x0000000080000000, 0x00000000cda00000, 0x00000000d5580000)
  object space 1271808K, 99% used [0x0000000080000000,0x00000000cd2b2348,0x00000000cda00000)
 Metaspace       used 106182K, committed 108096K, reserved 1179648K
  class space    used 10297K, committed 11200K, reserved 1048576K
}
Event: 62850.404 GC heap before
{Heap before GC invocations=6996 (full 7):
 PSYoungGen      total 5120K, used 4639K [0x00000000d5580000, 0x00000000d5d80000, 0x0000000100000000)
  eden space 4608K, 97% used [0x00000000d5580000,0x00000000d59e7f48,0x00000000d5a00000)
  from space 512K, 25% used [0x00000000d5d00000,0x00000000d5d20000,0x00000000d5d80000)
  to   space 512K, 0% used [0x00000000d5c80000,0x00000000d5c80000,0x00000000d5d00000)
 ParOldGen       total 1271808K, used 1264328K [0x0000000080000000, 0x00000000cda00000, 0x00000000d5580000)
  object space 1271808K, 99% used [0x0000000080000000,0x00000000cd2b2348,0x00000000cda00000)
 Metaspace       used 106182K, committed 108096K, reserved 1179648K
  class space    used 10297K, committed 11200K, reserved 1048576K
}
Event: 62850.424 GC heap after
{Heap after GC invocations=6996 (full 7):
 PSYoungGen      total 6144K, used 160K [0x00000000d5580000, 0x00000000d5d80000, 0x0000000100000000)
  eden space 5632K, 0% used [0x00000000d5580000,0x00000000d5580000,0x00000000d5b00000)
  from space 512K, 31% used [0x00000000d5c80000,0x00000000d5ca8000,0x00000000d5d00000)
  to   space 512K, 0% used [0x00000000d5d00000,0x00000000d5d00000,0x00000000d5d80000)
 ParOldGen       total 1271808K, used 1267313K [0x0000000080000000, 0x00000000cda00000, 0x00000000d5580000)
  object space 1271808K, 99% used [0x0000000080000000,0x00000000cd59c758,0x00000000cda00000)
 Metaspace       used 106182K, committed 108096K, reserved 1179648K
  class space    used 10297K, committed 11200K, reserved 1048576K
}
Event: 62850.450 GC heap before
{Heap before GC invocations=6997 (full 7):
 PSYoungGen      total 6144K, used 5636K [0x00000000d5580000, 0x00000000d5d80000, 0x0000000100000000)
  eden space 5632K, 97% used [0x00000000d5580000,0x00000000d5ad92e8,0x00000000d5b00000)
  from space 512K, 31% used [0x00000000d5c80000,0x00000000d5ca8000,0x00000000d5d00000)
  to   space 512K, 0% used [0x00000000d5d00000,0x00000000d5d00000,0x00000000d5d80000)
 ParOldGen       total 1271808K, used 1267313K [0x0000000080000000, 0x00000000cda00000, 0x00000000d5580000)
  object space 1271808K, 99% used [0x0000000080000000,0x00000000cd59c758,0x00000000cda00000)
 Metaspace       used 106182K, committed 108096K, reserved 1179648K
  class space    used 10297K, committed 11200K, reserved 1048576K
}
Event: 62850.465 GC heap after
{Heap after GC invocations=6997 (full 7):
 PSYoungGen      total 7680K, used 224K [0x00000000d5580000, 0x00000000d5d80000, 0x0000000100000000)
  eden space 7168K, 0% used [0x00000000d5580000,0x00000000d5580000,0x00000000d5c80000)
  from space 512K, 43% used [0x00000000d5d00000,0x00000000d5d38000,0x00000000d5d80000)
  to   space 512K, 0% used [0x00000000d5c80000,0x00000000d5c80000,0x00000000d5d00000)
 ParOldGen       total 1271808K, used 1270306K [0x0000000080000000, 0x00000000cda00000, 0x00000000d5580000)
  object space 1271808K, 99% used [0x0000000080000000,0x00000000cd888b68,0x00000000cda00000)
 Metaspace       used 106182K, committed 108096K, reserved 1179648K
  class space    used 10297K, committed 11200K, reserved 1048576K
}
Event: 62850.488 GC heap before
{Heap before GC invocations=6998 (full 7):
 PSYoungGen      total 7680K, used 7392K [0x00000000d5580000, 0x00000000d5d80000, 0x0000000100000000)
  eden space 7168K, 100% used [0x00000000d5580000,0x00000000d5c80000,0x00000000d5c80000)
  from space 512K, 43% used [0x00000000d5d00000,0x00000000d5d38000,0x00000000d5d80000)
  to   space 512K, 0% used [0x00000000d5c80000,0x00000000d5c80000,0x00000000d5d00000)
 ParOldGen       total 1271808K, used 1270306K [0x0000000080000000, 0x00000000cda00000, 0x00000000d5580000)
  object space 1271808K, 99% used [0x0000000080000000,0x00000000cd888b68,0x00000000cda00000)
 Metaspace       used 106182K, committed 108096K, reserved 1179648K
  class space    used 10297K, committed 11200K, reserved 1048576K
}
Event: 62850.492 GC heap after
{Heap after GC invocations=6998 (full 7):
 PSYoungGen      total 7680K, used 256K [0x00000000d5580000, 0x00000000d5f00000, 0x0000000100000000)
  eden space 7168K, 0% used [0x00000000d5580000,0x00000000d5580000,0x00000000d5c80000)
  from space 512K, 50% used [0x00000000d5c80000,0x00000000d5cc0000,0x00000000d5d00000)
  to   space 512K, 0% used [0x00000000d5e80000,0x00000000d5e80000,0x00000000d5f00000)
 ParOldGen       total 1271808K, used 1270442K [0x0000000080000000, 0x00000000cda00000, 0x00000000d5580000)
  object space 1271808K, 99% used [0x0000000080000000,0x00000000cd8aab68,0x00000000cda00000)
 Metaspace       used 106182K, committed 108096K, reserved 1179648K
  class space    used 10297K, committed 11200K, reserved 1048576K
}

